[18:34:44] [main/INFO]: Loading Minecraft 1.19.2 with Fabric Loader 0.14.11
[18:34:44] [main/INFO]: Fabric is preparing JARs on first launch, this may take a few seconds...
[18:34:45] [ForkJoinPool-1-worker-12/WARN]: Mod journeymap uses the version 5.9.0beta3 which isn't compatible with Loader's extended semantic version format (Could not parse version number component '0beta3'!), SemVer is recommended for reliably evaluating dependencies and prioritizing newer version
[18:34:45] [main/INFO]: Loading 79 mods:
	- appleskin 2.4.1+mc1.19
	- bookshelf 16.1.10
	- caffeineconfig 1.0.0+1.17 via sodium-extra
	- cloth-basic-math 0.6.1 via cloth-config
	- cloth-config 7.0.65 via appleskin
	- enchdesc 13.0.10
	- essentialgui 1.8.2+1.19.2
	- fabric-api 0.68.0+1.19.2
	- fabric-api-base 0.4.13+0d0f210290 via fabric-api
	- fabric-api-lookup-api-v1 1.6.12+93d8cb8290 via fabric-api
	- fabric-biome-api-v1 9.0.20+0d0f210290 via fabric-api
	- fabric-block-api-v1 1.0.1+12bfe4ea90 via fabric-api
	- fabric-blockrenderlayer-v1 1.1.22+c6af733c90 via fabric-api
	- fabric-client-tags-api-v1 1.0.3+b35fea8390 via fabric-api
	- fabric-command-api-v1 1.2.13+f71b366f90 via fabric-api
	- fabric-command-api-v2 2.1.9+93d8cb8290 via fabric-api
	- fabric-commands-v0 0.2.30+df3654b390 via fabric-api
	- fabric-containers-v0 0.1.38+df3654b390 via fabric-api
	- fabric-content-registries-v0 3.4.3+6064db2a90 via fabric-api
	- fabric-convention-tags-v1 1.1.3+93d8cb8290 via fabric-api
	- fabric-crash-report-info-v1 0.2.7+aeb40ebe90 via fabric-api
	- fabric-data-generation-api-v1 5.3.2+ad31814d90 via fabric-api
	- fabric-dimensions-v1 2.1.33+0d0f210290 via fabric-api
	- fabric-entity-events-v1 1.5.2+9244241690 via fabric-api
	- fabric-events-interaction-v0 0.4.31+6eb9a2a190 via fabric-api
	- fabric-events-lifecycle-v0 0.2.31+df3654b390 via fabric-api
	- fabric-game-rule-api-v1 1.0.23+c6af733c90 via fabric-api
	- fabric-item-api-v1 1.6.1+fa140d5990 via fabric-api
	- fabric-item-groups-v0 0.3.35+9244241690 via fabric-api
	- fabric-key-binding-api-v1 1.0.23+aaaf9d3390 via fabric-api
	- fabric-keybindings-v0 0.2.21+df3654b390 via fabric-api
	- fabric-lifecycle-events-v1 2.2.2+9244241690 via fabric-api
	- fabric-loot-api-v2 1.1.9+83a8659290 via fabric-api
	- fabric-loot-tables-v1 1.1.12+9e7660c690 via fabric-api
	- fabric-message-api-v1 5.0.5+93d8cb8290 via fabric-api
	- fabric-mining-level-api-v1 2.1.20+33fbc73890 via fabric-api
	- fabric-models-v0 0.3.19+c6af733c90 via fabric-api
	- fabric-networking-api-v1 1.2.8+3b1d070f90 via fabric-api
	- fabric-networking-v0 0.3.25+df3654b390 via fabric-api
	- fabric-object-builder-api-v1 4.1.2+06e0e25190 via fabric-api
	- fabric-particles-v1 1.0.12+79adfe0a90 via fabric-api
	- fabric-registry-sync-v0 0.9.29+9244241690 via fabric-api
	- fabric-renderer-api-v1 1.1.0+e7aeff4590 via fabric-api
	- fabric-renderer-indigo 0.6.17+aeb40ebe90 via fabric-api
	- fabric-renderer-registries-v1 3.2.22+df3654b390 via fabric-api
	- fabric-rendering-data-attachment-v1 0.3.17+0d0f210290 via fabric-api
	- fabric-rendering-fluids-v1 3.0.9+c6af733c90 via fabric-api
	- fabric-rendering-v0 1.1.25+df3654b390 via fabric-api
	- fabric-rendering-v1 1.11.1+73145abb90 via fabric-api
	- fabric-resource-conditions-api-v1 2.1.1+aae9039d90 via fabric-api
	- fabric-resource-loader-v0 0.8.1+0d0f210290 via fabric-api
	- fabric-screen-api-v1 1.0.29+0d0f210290 via fabric-api
	- fabric-screen-handler-api-v1 1.3.4+1cc24b1b90 via fabric-api
	- fabric-sound-api-v1 1.0.1+c4f28df590 via fabric-api
	- fabric-textures-v0 1.0.22+aeb40ebe90 via fabric-api
	- fabric-transfer-api-v1 2.1.3+9d081d6490 via fabric-api
	- fabric-transitive-access-wideners-v1 1.3.2+42d99c3290 via fabric-api
	- fabricloader 0.14.11
	- fpsreducer 1.19.2-2.1
	- io_github_douira_glsl-transformer 1.0.1 via iris
	- iris 1.4.3
	- jade 8.6.2
	- java 17
	- jei 11.4.0.286
	- journeymap 5.9.0beta3
	- journeymap-api-fabric 1.19.1-1.9-fabric-SNAPSHOT via journeymap
	- lithium 0.10.2
	- minecraft 1.19.2
	- modmenu 4.1.1
	- org_anarres_jcpp 1.4.14 via iris
	- org_antlr_antlr4-runtime 4.10.1 via iris
	- org_joml_joml 1.10.4 via sodium
	- physicsmod 2.9.2
	- reeses-sodium-options 1.4.7+mc1.19.2-build.59
	- skinlayers 1.5.2-mc1.19.1
	- sodium 0.4.4+build.18
	- sodium-extra 0.4.13+mc1.19.2-build.76
	- tlskincape 1.27
	- wi_zoom 1.4-MC1.19.2
[18:34:45] [main/INFO]: SpongePowered MIXIN Subsystem Version=0.8.5 Source=file:/M:/libraries/net/fabricmc/sponge-mixin/0.11.4+mixin.0.8.5/sponge-mixin-0.11.4+mixin.0.8.5.jar Service=Knot/Fabric Env=CLIENT
[18:34:46] [main/INFO]: Compatibility level set to JAVA_17
[18:34:47] [main/INFO]: OptiFine was NOT detected.
[18:34:47] [main/INFO]: OptiFabric was NOT detected.
[18:34:47] [main/INFO]: Loaded configuration file for Lithium: 105 options available, 0 override(s) found
[18:34:47] [main/INFO]: Loaded configuration file for Sodium: 29 options available, 1 override(s) found
[18:34:48] [main/INFO]: Loaded configuration file for Sodium Extra: 28 options available, 0 override(s) found
[18:34:49] [main/INFO]: bre2el.fpsreducer.mixin.MinecraftClientMixin will be applied.
[18:34:49] [main/INFO]: bre2el.fpsreducer.mixin.KeyboardMixin will be applied.
[18:34:49] [main/INFO]: bre2el.fpsreducer.mixin.RenderSystemMixin will be applied.
[18:34:49] [main/INFO]: bre2el.fpsreducer.mixin.WindowMixin will NOT be applied because OptiFine was NOT detected.
[18:34:49] [main/WARN]: Error loading class: software/bernie/geckolib3/renderers/geo/IGeoRenderer (java.lang.ClassNotFoundException: software/bernie/geckolib3/renderers/geo/IGeoRenderer)
[18:34:49] [main/WARN]: Error loading class: ca/spottedleaf/starlight/common/light/StarLightEngine (java.lang.ClassNotFoundException: ca/spottedleaf/starlight/common/light/StarLightEngine)
[18:34:49] [main/WARN]: Error loading class: link/infra/indium/renderer/render/TerrainRenderContext (java.lang.ClassNotFoundException: link/infra/indium/renderer/render/TerrainRenderContext)
[18:34:49] [main/WARN]: Force-disabling mixin 'features.sky.MixinWorldRenderer' as rule 'mixin.features.sky' (added by mods [iris]) disables it and children
[18:34:52] [main/WARN]: Configuration conflict: there is more than one oshi.properties file on the classpath
[18:34:53] [main/WARN]: Configuration conflict: there is more than one oshi.architecture.properties file on the classpath
[18:35:01] [main/INFO]: Building optimized datafixer
[18:35:13] [Render thread/WARN]: Method overwrite conflict for method_22920 in sodium.mixins.json:features.buffer_builder.intrinsics.MixinBufferBuilder from mod sodium, previously written by net.coderbot.iris.mixin.vertices.block_rendering.MixinBufferBuilder_SeparateAo. Skipping method.
[18:35:15] [Render thread/INFO]: Environment: authHost='https://authserver.mojang.com', accountsHost='https://api.mojang.com', sessionHost='https://sessionserver.mojang.com', servicesHost='https://api.minecraftservices.com', name='PROD'
[18:35:15] [Render thread/ERROR]: Failed to verify authentication
com.mojang.authlib.exceptions.AuthenticationException: com.mojang.authlib.exceptions.MinecraftClientException: Failed to read from https://api.minecraftservices.com/player/attributes due to api.minecraftservices.com
	at com.mojang.authlib.exceptions.MinecraftClientException.toAuthenticationException(MinecraftClientException.java:28) ~[authlib-3.11.49.5.jar:?]
	at com.mojang.authlib.yggdrasil.YggdrasilUserApiService.fetchProperties(YggdrasilUserApiService.java:159) ~[authlib-3.11.49.5.jar:?]
	at com.mojang.authlib.yggdrasil.YggdrasilUserApiService.<init>(YggdrasilUserApiService.java:55) ~[authlib-3.11.49.5.jar:?]
	at com.mojang.authlib.yggdrasil.YggdrasilAuthenticationService.createUserApiService(YggdrasilAuthenticationService.java:161) ~[authlib-3.11.49.5.jar:?]
	at net.minecraft.class_310.method_31382(class_310.java:711) [client-intermediary.jar:?]
	at net.minecraft.class_310.<init>(class_310.java:431) [client-intermediary.jar:?]
	at net.minecraft.client.main.Main.method_44604(Main.java:205) [client-intermediary.jar:?]
	at net.minecraft.client.main.Main.main(Main.java:51) [client-intermediary.jar:?]
	at net.fabricmc.loader.impl.game.minecraft.MinecraftGameProvider.launch(MinecraftGameProvider.java:461) [fabric-loader-0.14.11.jar:?]
	at net.fabricmc.loader.impl.launch.knot.Knot.launch(Knot.java:74) [fabric-loader-0.14.11.jar:?]
	at net.fabricmc.loader.impl.launch.knot.KnotClient.main(KnotClient.java:23) [fabric-loader-0.14.11.jar:?]
Caused by: com.mojang.authlib.exceptions.MinecraftClientException: Failed to read from https://api.minecraftservices.com/player/attributes due to api.minecraftservices.com
	at com.mojang.authlib.minecraft.client.MinecraftClient.readInputStream(MinecraftClient.java:93) ~[authlib-3.11.49.5.jar:?]
	at com.mojang.authlib.minecraft.client.MinecraftClient.get(MinecraftClient.java:48) ~[authlib-3.11.49.5.jar:?]
	at com.mojang.authlib.yggdrasil.YggdrasilUserApiService.fetchProperties(YggdrasilUserApiService.java:129) ~[authlib-3.11.49.5.jar:?]
	... 9 more
Caused by: java.net.UnknownHostException: api.minecraftservices.com
	at sun.nio.ch.NioSocketImpl.connect(NioSocketImpl.java:567) ~[?:?]
	at java.net.SocksSocketImpl.connect(SocksSocketImpl.java:327) ~[?:?]
	at java.net.Socket.connect(Socket.java:633) ~[?:?]
	at sun.security.ssl.SSLSocketImpl.connect(SSLSocketImpl.java:304) ~[?:?]
	at sun.net.NetworkClient.doConnect(NetworkClient.java:178) ~[?:?]
	at sun.net.www.http.HttpClient.openServer(HttpClient.java:498) ~[?:?]
	at sun.net.www.http.HttpClient.openServer(HttpClient.java:603) ~[?:?]
	at sun.net.www.protocol.https.HttpsClient.<init>(HttpsClient.java:266) ~[?:?]
	at sun.net.www.protocol.https.HttpsClient.New(HttpsClient.java:380) ~[?:?]
	at sun.net.www.protocol.https.AbstractDelegateHttpsURLConnection.getNewHttpClient(AbstractDelegateHttpsURLConnection.java:189) ~[?:?]
	at sun.net.www.protocol.http.HttpURLConnection.plainConnect0(HttpURLConnection.java:1287) ~[?:?]
	at sun.net.www.protocol.http.HttpURLConnection.plainConnect(HttpURLConnection.java:1128) ~[?:?]
	at sun.net.www.protocol.https.AbstractDelegateHttpsURLConnection.connect(AbstractDelegateHttpsURLConnection.java:175) ~[?:?]
	at sun.net.www.protocol.http.HttpURLConnection.getInputStream0(HttpURLConnection.java:1665) ~[?:?]
	at sun.net.www.protocol.http.HttpURLConnection.getInputStream(HttpURLConnection.java:1589) ~[?:?]
	at java.net.HttpURLConnection.getResponseCode(HttpURLConnection.java:529) ~[?:?]
	at sun.net.www.protocol.https.HttpsURLConnectionImpl.getResponseCode(HttpsURLConnectionImpl.java:308) ~[?:?]
	at com.mojang.authlib.minecraft.client.MinecraftClient.readInputStream(MinecraftClient.java:72) ~[authlib-3.11.49.5.jar:?]
	at com.mojang.authlib.minecraft.client.MinecraftClient.get(MinecraftClient.java:48) ~[authlib-3.11.49.5.jar:?]
	at com.mojang.authlib.yggdrasil.YggdrasilUserApiService.fetchProperties(YggdrasilUserApiService.java:129) ~[authlib-3.11.49.5.jar:?]
	... 9 more
[18:35:15] [Render thread/INFO]: Setting user: Quadrat_Ik
[18:35:15] [Render thread/INFO]: Fixing MC-151457. Crafting remainder for minecraft:pufferfish_bucket is now minecraft:bucket.
[18:35:15] [Render thread/INFO]: Fixing MC-151457. Crafting remainder for minecraft:salmon_bucket is now minecraft:bucket.
[18:35:15] [Render thread/INFO]: Fixing MC-151457. Crafting remainder for minecraft:cod_bucket is now minecraft:bucket.
[18:35:15] [Render thread/INFO]: Fixing MC-151457. Crafting remainder for minecraft:tropical_fish_bucket is now minecraft:bucket.
[18:35:15] [Render thread/INFO]: Fixing MC-151457. Crafting remainder for minecraft:axolotl_bucket is now minecraft:bucket.
[18:35:15] [Render thread/INFO]: Fixing MC-151457. Crafting remainder for minecraft:powder_snow_bucket is now minecraft:bucket.
[18:35:15] [Render thread/INFO]: Fixing MC-151457. Crafting remainder for minecraft:tadpole_bucket is now minecraft:bucket.
[18:35:16] [Render thread/INFO]: Initializing ServerSide Packet Registries
[18:35:16] [Render thread/INFO]: [STDOUT]: Starting WI Zoom v1.4-MC1.19.2
[18:35:17] [Render thread/INFO]: Creating a new config file at M:\versions\PPL7\config\enchdesc.json.
[18:35:17] [Render thread/INFO]: Saved config file.
[18:35:17] [Render thread/INFO]: EssentialGUI 1.8.2 - build 220818 initialized!
[18:35:17] [Render thread/INFO]: [Indigo] Different rendering plugin detected; not applying Indigo.
[18:35:20] [Render thread/INFO]: Backend library: LWJGL version 3.3.1 SNAPSHOT
[18:35:32] [Render thread/INFO]: ARB_direct_state_access detected, enabling DSA.
[18:35:32] [Render thread/INFO]: Debug functionality is disabled.
[18:35:32] [Render thread/INFO]: Shaders are disabled because no valid shaderpack is selected
[18:35:32] [Render thread/INFO]: Shaders are disabled
[18:35:34] [Render thread/WARN]: Static binding violation: PRIVATE @Overwrite method method_23182 in sodium.mixins.json:features.item.MixinItemRenderer from mod sodium cannot reduce visibiliy of PUBLIC target method, visibility will be upgraded.
[18:35:37] [Render thread/INFO]: Hardware information:
[18:35:37] [Render thread/INFO]: CPU: 12x Intel(R) Core(TM) i5-10400 CPU @ 2.90GHz
[18:35:37] [Render thread/INFO]: GPU: Intel(R) UHD Graphics 630 (Supports OpenGL 3.2.0 - Build 30.0.101.1273)
[18:35:37] [Render thread/INFO]: OS: Windows 10 (10.0)
[18:35:37] [Render thread/WARN]: Static binding violation: PRIVATE @Overwrite method method_3295 in sodium.mixins.json:features.chunk_rendering.MixinWorldRenderer from mod sodium cannot reduce visibiliy of PUBLIC target method, visibility will be upgraded.
[18:35:48] [Worker-Main-12/ERROR]: Failed to retrieve profile key pair
java.io.IOException: Could not retrieve profile key pair
	at net.minecraft.class_7434.method_43605(class_7434.java:130) ~[client-intermediary.jar:?]
	at net.minecraft.class_7434.method_44291(class_7434.java:69) ~[client-intermediary.jar:?]
	at java.util.concurrent.CompletableFuture$AsyncSupply.run(CompletableFuture.java:1768) [?:?]
	at java.util.concurrent.CompletableFuture$AsyncSupply.exec(CompletableFuture.java:1760) [?:?]
	at java.util.concurrent.ForkJoinTask.doExec(ForkJoinTask.java:373) [?:?]
	at java.util.concurrent.ForkJoinPool$WorkQueue.topLevelExec(ForkJoinPool.java:1182) [?:?]
	at java.util.concurrent.ForkJoinPool.scan(ForkJoinPool.java:1655) [?:?]
	at java.util.concurrent.ForkJoinPool.runWorker(ForkJoinPool.java:1622) [?:?]
	at java.util.concurrent.ForkJoinWorkerThread.run(ForkJoinWorkerThread.java:165) [?:?]
[18:35:48] [Render thread/INFO]: Narrator library for x64 successfully loaded
[18:35:48] [Render thread/INFO]: Reloading ResourceManager: Default, Fabric Mods (AppleSkin, Bookshelf, CaffeineConfig, Cloth Config v6, EnchantmentDescriptions, EssentialGUI, Fabric API, Fabric API Base, Fabric API Lookup API (v1), Fabric Biome API (v1), Fabric BlockRenderLayer Registration (v1), Fabric Client Tags, Fabric Command API (v1), Fabric Command API (v2), Fabric Commands (v0), Fabric Containers (v0), Fabric Content Registries (v0), Fabric Convention Tags, Fabric Crash Report Info (v1), Fabric Data Generation API (v1), Fabric Dimensions API (v1), Fabric Entity Events (v1), Fabric Events Interaction (v0), Fabric Events Lifecycle (v0), Fabric Game Rule API (v1), Fabric Item API (v1), Fabric Item Groups (v0), Fabric Key Binding API (v1), Fabric Key Bindings (v0), Fabric Lifecycle Events (v1), Fabric Loot API (v2), Fabric Loot Tables (v1), Fabric Message API (v1), Fabric Mining Level API (v1), Fabric Models (v0), Fabric Networking API (v1), Fabric Networking (v0), Fabric Object Builder API (v1), Fabric Particles (v1), Fabric Registry Sync (v0), Fabric Renderer API (v1), Fabric Renderer - Indigo, Fabric Renderer Registries (v1), Fabric Rendering Data Attachment (v1), Fabric Rendering Fluids (v1), Fabric Rendering (v0), Fabric Rendering (v1), Fabric Resource Conditions API (v1), Fabric Resource Loader (v0), Fabric Screen API (v1), Fabric Screen Handler API (v1), Fabric Sound API (v1), Fabric Textures (v0), Fabric Transfer API (v1), Fabric Transitive Access Wideners (v1), Fabric Loader, FPS Reducer, Iris, Jade, Just Enough Items, Journeymap, Lithium, Mod Menu, Physics Mod, Reese's Sodium Options, 3d Skin Layers, Sodium, Sodium Extra, WI Zoom)
[18:35:49] [Render thread/INFO]: Creating pipeline for dimension OVERWORLD
[18:35:50] [Render thread/INFO]: Start loading plugin from Jade
[18:35:50] [Render thread/INFO]: Start loading plugin from Jade
[18:35:51] [Render thread/INFO]: Start loading plugin from Jade
[18:35:52] [Render thread/INFO]: Initializing ClientSide Packet Registries
[18:35:52] [Render thread/INFO]: No plugins for JourneyMap API discovered.
[18:35:52] [Realms Notification Availability checker #1/INFO]: Could not authorize you against Realms server: Invalid session id
[18:35:55] [Render thread/INFO]: JourneyMap log initialized.
[18:35:55] [Render thread/INFO]: initialize ENTER
[18:35:55] [Render thread/INFO]: [ClientAPI] built with JourneyMap API 1.9-SNAPSHOT
[18:35:55] [Render thread/INFO]: Initializing plugins with Client API: journeymap.client.api.impl.ClientAPI
[18:35:57] [Render thread/INFO]: core (FirstLoaded) Setting config file to version "5.9.0beta3": journeymap.core.config
[18:35:57] [Render thread/INFO]: core (Valid) Creating config file: M:\versions\PPL7\journeymap\config\5.9\journeymap.core.config
[18:35:57] [Render thread/INFO]: fullmap (FirstLoaded) Setting config file to version "5.9.0beta3": journeymap.fullmap.config
[18:35:57] [Render thread/INFO]: fullmap (Valid) Creating config file: M:\versions\PPL7\journeymap\config\5.9\journeymap.fullmap.config
[18:35:57] [Render thread/INFO]: minimap (Initialized) Setting config file to version "5.9.0beta3": journeymap.minimap.config
[18:35:57] [Render thread/INFO]: minimap (Valid) Creating config file: M:\versions\PPL7\journeymap\config\5.9\journeymap.minimap.config
[18:35:57] [Render thread/INFO]: minimap2 (FirstLoaded) Setting config file to version "5.9.0beta3": journeymap.minimap2.config
[18:35:57] [Render thread/INFO]: minimap2 (Valid) Creating config file: M:\versions\PPL7\journeymap\config\5.9\journeymap.minimap2.config
[18:35:57] [Render thread/INFO]: topo (FirstLoaded) Setting config file to version "5.9.0beta3": journeymap.topo.config
[18:35:57] [Render thread/INFO]: topo (Valid) Creating config file: M:\versions\PPL7\journeymap\config\5.9\journeymap.topo.config
[18:35:57] [Render thread/INFO]: webmap (FirstLoaded) Setting config file to version "5.9.0beta3": journeymap.webmap.config
[18:35:57] [Render thread/INFO]: webmap (Valid) Creating config file: M:\versions\PPL7\journeymap\config\5.9\journeymap.webmap.config
[18:35:57] [Render thread/INFO]: waypoint (FirstLoaded) Setting config file to version "5.9.0beta3": journeymap.waypoint.config
[18:35:57] [Render thread/INFO]: waypoint (Valid) Creating config file: M:\versions\PPL7\journeymap\config\5.9\journeymap.waypoint.config
[18:35:58] [Render thread/INFO]: Preloaded theme textures: 73
[18:35:59] [Render thread/INFO]: initialize EXIT, elapsed count 1 avg 7051,4ms
[18:36:00] [Render thread/INFO]: postInitialize EXIT, elapsed count 1 avg 530,75ms
[18:36:00] [Render thread/INFO]: Saving config file: M:\versions\PPL7\config\jei\jei-client.ini
[18:36:04] [Render thread/WARN]: Missing sound for event: minecraft:item.goat_horn.play
[18:36:04] [Render thread/WARN]: Missing sound for event: minecraft:entity.goat.screaming.horn_break
[18:36:06] [Render thread/INFO]: OpenAL initialized on device OpenAL Soft on Наушники (High Definition Audio Device)
[18:36:07] [Render thread/INFO]: Sound engine started
[18:36:09] [Render thread/INFO]: Created: 1024x512x4 minecraft:textures/atlas/blocks.png-atlas
[18:36:11] [Render thread/INFO]: Created: 256x128x4 minecraft:textures/atlas/signs.png-atlas
[18:36:11] [Render thread/INFO]: Created: 512x512x4 minecraft:textures/atlas/banner_patterns.png-atlas
[18:36:11] [Render thread/INFO]: Created: 512x512x4 minecraft:textures/atlas/shield_patterns.png-atlas
[18:36:11] [Render thread/INFO]: Created: 256x256x4 minecraft:textures/atlas/chest.png-atlas
[18:36:11] [Render thread/INFO]: Created: 512x256x4 minecraft:textures/atlas/beds.png-atlas
[18:36:11] [Render thread/INFO]: Created: 512x256x4 minecraft:textures/atlas/shulker_boxes.png-atlas
[18:36:20] [Render thread/WARN]: Shader rendertype_entity_translucent_emissive could not find sampler named Sampler2 in the specified shader program.
[18:36:23] [Render thread/INFO]: Created: 256x256x0 minecraft:textures/atlas/particles.png-atlas
[18:36:23] [Render thread/INFO]: Created: 256x256x0 minecraft:textures/atlas/paintings.png-atlas
[18:36:23] [Render thread/INFO]: Created: 128x128x0 minecraft:textures/atlas/mob_effects.png-atlas
[18:36:23] [Render thread/INFO]: Created: 256x128x0 jei:textures/atlas/gui.png-atlas
[18:36:34] [Render thread/INFO]: Color palette file generated for 0 blockstates in 79ms for: M:\versions\PPL7\journeymap\colorpalette.json
[18:36:34] [Render thread/INFO]: Updated color palette for 862 blockstates in 2623ms: M:\versions\PPL7\journeymap\colorpalette.json
[18:36:35] [Render thread/INFO]: [STDOUT]: [TLSkinCape] Current TLSkinCape version is 1.27
[18:37:01] [Render thread/INFO]: Flushed changes to Minecraft configuration
[18:37:08] [Render thread/INFO]: Flushed changes to Minecraft configuration
[18:37:31] [Worker-Bootstrap-8/INFO]: 4283 Datafixer optimizations took 149786 milliseconds
[18:38:42] [Render thread/INFO]: Loaded 7 recipes
[18:38:43] [Render thread/INFO]: Loaded 1179 advancements
